Determining if the Q_WS_WIN exist failed with the following output:
Change Dir: /home/carlos/robocomp/E_6/apriltagsComp/CMakeFiles/CMakeTmp

Run Build Command:"/usr/bin/make" "cmTC_626be/fast"
/usr/bin/make -f CMakeFiles/cmTC_626be.dir/build.make CMakeFiles/cmTC_626be.dir/build
make[1]: se entra en el directorio '/home/carlos/robocomp/E_6/apriltagsComp/CMakeFiles/CMakeTmp'
Building CXX object CMakeFiles/cmTC_626be.dir/CheckSymbolExists.cxx.o
/usr/bin/c++   -I/usr/include/qt4   -o CMakeFiles/cmTC_626be.dir/CheckSymbolExists.cxx.o -c /home/carlos/robocomp/E_6/apriltagsComp/CMakeFiles/CMakeTmp/CheckSymbolExists.cxx
/home/carlos/robocomp/E_6/apriltagsComp/CMakeFiles/CMakeTmp/CheckSymbolExists.cxx: In function ‘int main(int, char**)’:
/home/carlos/robocomp/E_6/apriltagsComp/CMakeFiles/CMakeTmp/CheckSymbolExists.cxx:8:19: error: ‘Q_WS_WIN’ was not declared in this scope
   return ((int*)(&Q_WS_WIN))[argc];
                   ^~~~~~~~
/home/carlos/robocomp/E_6/apriltagsComp/CMakeFiles/CMakeTmp/CheckSymbolExists.cxx:8:19: note: suggested alternative: ‘Q_WS_X11’
   return ((int*)(&Q_WS_WIN))[argc];
                   ^~~~~~~~
                   Q_WS_X11
CMakeFiles/cmTC_626be.dir/build.make:65: recipe for target 'CMakeFiles/cmTC_626be.dir/CheckSymbolExists.cxx.o' failed
make[1]: *** [CMakeFiles/cmTC_626be.dir/CheckSymbolExists.cxx.o] Error 1
make[1]: se sale del directorio '/home/carlos/robocomp/E_6/apriltagsComp/CMakeFiles/CMakeTmp'
Makefile:126: recipe for target 'cmTC_626be/fast' failed
make: *** [cmTC_626be/fast] Error 2

File /home/carlos/robocomp/E_6/apriltagsComp/CMakeFiles/CMakeTmp/CheckSymbolExists.cxx:
/* */
#include <QtCore/qglobal.h>

int main(int argc, char** argv)
{
  (void)argv;
#ifndef Q_WS_WIN
  return ((int*)(&Q_WS_WIN))[argc];
#else
  (void)argc;
  return 0;
#endif
}

Determining if the Q_WS_QWS exist failed with the following output:
Change Dir: /home/carlos/robocomp/E_6/apriltagsComp/CMakeFiles/CMakeTmp

Run Build Command:"/usr/bin/make" "cmTC_edf73/fast"
/usr/bin/make -f CMakeFiles/cmTC_edf73.dir/build.make CMakeFiles/cmTC_edf73.dir/build
make[1]: se entra en el directorio '/home/carlos/robocomp/E_6/apriltagsComp/CMakeFiles/CMakeTmp'
Building CXX object CMakeFiles/cmTC_edf73.dir/CheckSymbolExists.cxx.o
/usr/bin/c++   -I/usr/include/qt4   -o CMakeFiles/cmTC_edf73.dir/CheckSymbolExists.cxx.o -c /home/carlos/robocomp/E_6/apriltagsComp/CMakeFiles/CMakeTmp/CheckSymbolExists.cxx
/home/carlos/robocomp/E_6/apriltagsComp/CMakeFiles/CMakeTmp/CheckSymbolExists.cxx: In function ‘int main(int, char**)’:
/home/carlos/robocomp/E_6/apriltagsComp/CMakeFiles/CMakeTmp/CheckSymbolExists.cxx:8:19: error: ‘Q_WS_QWS’ was not declared in this scope
   return ((int*)(&Q_WS_QWS))[argc];
                   ^~~~~~~~
/home/carlos/robocomp/E_6/apriltagsComp/CMakeFiles/CMakeTmp/CheckSymbolExists.cxx:8:19: note: suggested alternative: ‘Q_WS_X11’
   return ((int*)(&Q_WS_QWS))[argc];
                   ^~~~~~~~
                   Q_WS_X11
CMakeFiles/cmTC_edf73.dir/build.make:65: recipe for target 'CMakeFiles/cmTC_edf73.dir/CheckSymbolExists.cxx.o' failed
make[1]: *** [CMakeFiles/cmTC_edf73.dir/CheckSymbolExists.cxx.o] Error 1
make[1]: se sale del directorio '/home/carlos/robocomp/E_6/apriltagsComp/CMakeFiles/CMakeTmp'
Makefile:126: recipe for target 'cmTC_edf73/fast' failed
make: *** [cmTC_edf73/fast] Error 2

File /home/carlos/robocomp/E_6/apriltagsComp/CMakeFiles/CMakeTmp/CheckSymbolExists.cxx:
/* */
#include <QtCore/qglobal.h>

int main(int argc, char** argv)
{
  (void)argv;
#ifndef Q_WS_QWS
  return ((int*)(&Q_WS_QWS))[argc];
#else
  (void)argc;
  return 0;
#endif
}

Determining if the Q_WS_MAC exist failed with the following output:
Change Dir: /home/carlos/robocomp/E_6/apriltagsComp/CMakeFiles/CMakeTmp

Run Build Command:"/usr/bin/make" "cmTC_d957c/fast"
/usr/bin/make -f CMakeFiles/cmTC_d957c.dir/build.make CMakeFiles/cmTC_d957c.dir/build
make[1]: se entra en el directorio '/home/carlos/robocomp/E_6/apriltagsComp/CMakeFiles/CMakeTmp'
Building CXX object CMakeFiles/cmTC_d957c.dir/CheckSymbolExists.cxx.o
/usr/bin/c++   -I/usr/include/qt4   -o CMakeFiles/cmTC_d957c.dir/CheckSymbolExists.cxx.o -c /home/carlos/robocomp/E_6/apriltagsComp/CMakeFiles/CMakeTmp/CheckSymbolExists.cxx
/home/carlos/robocomp/E_6/apriltagsComp/CMakeFiles/CMakeTmp/CheckSymbolExists.cxx: In function ‘int main(int, char**)’:
/home/carlos/robocomp/E_6/apriltagsComp/CMakeFiles/CMakeTmp/CheckSymbolExists.cxx:8:19: error: ‘Q_WS_MAC’ was not declared in this scope
   return ((int*)(&Q_WS_MAC))[argc];
                   ^~~~~~~~
/home/carlos/robocomp/E_6/apriltagsComp/CMakeFiles/CMakeTmp/CheckSymbolExists.cxx:8:19: note: suggested alternative: ‘Q_WS_X11’
   return ((int*)(&Q_WS_MAC))[argc];
                   ^~~~~~~~
                   Q_WS_X11
CMakeFiles/cmTC_d957c.dir/build.make:65: recipe for target 'CMakeFiles/cmTC_d957c.dir/CheckSymbolExists.cxx.o' failed
make[1]: *** [CMakeFiles/cmTC_d957c.dir/CheckSymbolExists.cxx.o] Error 1
make[1]: se sale del directorio '/home/carlos/robocomp/E_6/apriltagsComp/CMakeFiles/CMakeTmp'
Makefile:126: recipe for target 'cmTC_d957c/fast' failed
make: *** [cmTC_d957c/fast] Error 2

File /home/carlos/robocomp/E_6/apriltagsComp/CMakeFiles/CMakeTmp/CheckSymbolExists.cxx:
/* */
#include <QtCore/qglobal.h>

int main(int argc, char** argv)
{
  (void)argv;
#ifndef Q_WS_MAC
  return ((int*)(&Q_WS_MAC))[argc];
#else
  (void)argc;
  return 0;
#endif
}

Determining if the Q_WS_WIN exist failed with the following output:
Change Dir: /home/fernandoms/Rbotica/MM2/Mu-ozMancha/Entrega_6/apriltagsComp/CMakeFiles/CMakeTmp

Run Build Command:"/usr/bin/make" "cmTC_33f5a/fast"
/usr/bin/make -f CMakeFiles/cmTC_33f5a.dir/build.make CMakeFiles/cmTC_33f5a.dir/build
make[1]: se entra en el directorio '/home/fernandoms/Rbotica/MM2/Mu-ozMancha/Entrega_6/apriltagsComp/CMakeFiles/CMakeTmp'
Building CXX object CMakeFiles/cmTC_33f5a.dir/CheckSymbolExists.cxx.o
/usr/bin/c++   -I/usr/include/qt4   -o CMakeFiles/cmTC_33f5a.dir/CheckSymbolExists.cxx.o -c /home/fernandoms/Rbotica/MM2/Mu-ozMancha/Entrega_6/apriltagsComp/CMakeFiles/CMakeTmp/CheckSymbolExists.cxx
/home/fernandoms/Rbotica/MM2/Mu-ozMancha/Entrega_6/apriltagsComp/CMakeFiles/CMakeTmp/CheckSymbolExists.cxx: In function ‘int main(int, char**)’:
/home/fernandoms/Rbotica/MM2/Mu-ozMancha/Entrega_6/apriltagsComp/CMakeFiles/CMakeTmp/CheckSymbolExists.cxx:8:19: error: ‘Q_WS_WIN’ was not declared in this scope
   return ((int*)(&Q_WS_WIN))[argc];
                   ^~~~~~~~
/home/fernandoms/Rbotica/MM2/Mu-ozMancha/Entrega_6/apriltagsComp/CMakeFiles/CMakeTmp/CheckSymbolExists.cxx:8:19: note: suggested alternative: ‘Q_WS_X11’
   return ((int*)(&Q_WS_WIN))[argc];
                   ^~~~~~~~
                   Q_WS_X11
CMakeFiles/cmTC_33f5a.dir/build.make:65: recipe for target 'CMakeFiles/cmTC_33f5a.dir/CheckSymbolExists.cxx.o' failed
make[1]: *** [CMakeFiles/cmTC_33f5a.dir/CheckSymbolExists.cxx.o] Error 1
make[1]: se sale del directorio '/home/fernandoms/Rbotica/MM2/Mu-ozMancha/Entrega_6/apriltagsComp/CMakeFiles/CMakeTmp'
Makefile:126: recipe for target 'cmTC_33f5a/fast' failed
make: *** [cmTC_33f5a/fast] Error 2

File /home/fernandoms/Rbotica/MM2/Mu-ozMancha/Entrega_6/apriltagsComp/CMakeFiles/CMakeTmp/CheckSymbolExists.cxx:
/* */
#include <QtCore/qglobal.h>

int main(int argc, char** argv)
{
  (void)argv;
#ifndef Q_WS_WIN
  return ((int*)(&Q_WS_WIN))[argc];
#else
  (void)argc;
  return 0;
#endif
}

Determining if the Q_WS_QWS exist failed with the following output:
Change Dir: /home/fernandoms/Rbotica/MM2/Mu-ozMancha/Entrega_6/apriltagsComp/CMakeFiles/CMakeTmp

Run Build Command:"/usr/bin/make" "cmTC_8fbac/fast"
/usr/bin/make -f CMakeFiles/cmTC_8fbac.dir/build.make CMakeFiles/cmTC_8fbac.dir/build
make[1]: se entra en el directorio '/home/fernandoms/Rbotica/MM2/Mu-ozMancha/Entrega_6/apriltagsComp/CMakeFiles/CMakeTmp'
Building CXX object CMakeFiles/cmTC_8fbac.dir/CheckSymbolExists.cxx.o
/usr/bin/c++   -I/usr/include/qt4   -o CMakeFiles/cmTC_8fbac.dir/CheckSymbolExists.cxx.o -c /home/fernandoms/Rbotica/MM2/Mu-ozMancha/Entrega_6/apriltagsComp/CMakeFiles/CMakeTmp/CheckSymbolExists.cxx
/home/fernandoms/Rbotica/MM2/Mu-ozMancha/Entrega_6/apriltagsComp/CMakeFiles/CMakeTmp/CheckSymbolExists.cxx: In function ‘int main(int, char**)’:
/home/fernandoms/Rbotica/MM2/Mu-ozMancha/Entrega_6/apriltagsComp/CMakeFiles/CMakeTmp/CheckSymbolExists.cxx:8:19: error: ‘Q_WS_QWS’ was not declared in this scope
   return ((int*)(&Q_WS_QWS))[argc];
                   ^~~~~~~~
/home/fernandoms/Rbotica/MM2/Mu-ozMancha/Entrega_6/apriltagsComp/CMakeFiles/CMakeTmp/CheckSymbolExists.cxx:8:19: note: suggested alternative: ‘Q_WS_X11’
   return ((int*)(&Q_WS_QWS))[argc];
                   ^~~~~~~~
                   Q_WS_X11
CMakeFiles/cmTC_8fbac.dir/build.make:65: recipe for target 'CMakeFiles/cmTC_8fbac.dir/CheckSymbolExists.cxx.o' failed
make[1]: *** [CMakeFiles/cmTC_8fbac.dir/CheckSymbolExists.cxx.o] Error 1
make[1]: se sale del directorio '/home/fernandoms/Rbotica/MM2/Mu-ozMancha/Entrega_6/apriltagsComp/CMakeFiles/CMakeTmp'
Makefile:126: recipe for target 'cmTC_8fbac/fast' failed
make: *** [cmTC_8fbac/fast] Error 2

File /home/fernandoms/Rbotica/MM2/Mu-ozMancha/Entrega_6/apriltagsComp/CMakeFiles/CMakeTmp/CheckSymbolExists.cxx:
/* */
#include <QtCore/qglobal.h>

int main(int argc, char** argv)
{
  (void)argv;
#ifndef Q_WS_QWS
  return ((int*)(&Q_WS_QWS))[argc];
#else
  (void)argc;
  return 0;
#endif
}

Determining if the Q_WS_MAC exist failed with the following output:
Change Dir: /home/fernandoms/Rbotica/MM2/Mu-ozMancha/Entrega_6/apriltagsComp/CMakeFiles/CMakeTmp

Run Build Command:"/usr/bin/make" "cmTC_faf80/fast"
/usr/bin/make -f CMakeFiles/cmTC_faf80.dir/build.make CMakeFiles/cmTC_faf80.dir/build
make[1]: se entra en el directorio '/home/fernandoms/Rbotica/MM2/Mu-ozMancha/Entrega_6/apriltagsComp/CMakeFiles/CMakeTmp'
Building CXX object CMakeFiles/cmTC_faf80.dir/CheckSymbolExists.cxx.o
/usr/bin/c++   -I/usr/include/qt4   -o CMakeFiles/cmTC_faf80.dir/CheckSymbolExists.cxx.o -c /home/fernandoms/Rbotica/MM2/Mu-ozMancha/Entrega_6/apriltagsComp/CMakeFiles/CMakeTmp/CheckSymbolExists.cxx
/home/fernandoms/Rbotica/MM2/Mu-ozMancha/Entrega_6/apriltagsComp/CMakeFiles/CMakeTmp/CheckSymbolExists.cxx: In function ‘int main(int, char**)’:
/home/fernandoms/Rbotica/MM2/Mu-ozMancha/Entrega_6/apriltagsComp/CMakeFiles/CMakeTmp/CheckSymbolExists.cxx:8:19: error: ‘Q_WS_MAC’ was not declared in this scope
   return ((int*)(&Q_WS_MAC))[argc];
                   ^~~~~~~~
/home/fernandoms/Rbotica/MM2/Mu-ozMancha/Entrega_6/apriltagsComp/CMakeFiles/CMakeTmp/CheckSymbolExists.cxx:8:19: note: suggested alternative: ‘Q_WS_X11’
   return ((int*)(&Q_WS_MAC))[argc];
                   ^~~~~~~~
                   Q_WS_X11
CMakeFiles/cmTC_faf80.dir/build.make:65: recipe for target 'CMakeFiles/cmTC_faf80.dir/CheckSymbolExists.cxx.o' failed
make[1]: *** [CMakeFiles/cmTC_faf80.dir/CheckSymbolExists.cxx.o] Error 1
make[1]: se sale del directorio '/home/fernandoms/Rbotica/MM2/Mu-ozMancha/Entrega_6/apriltagsComp/CMakeFiles/CMakeTmp'
Makefile:126: recipe for target 'cmTC_faf80/fast' failed
make: *** [cmTC_faf80/fast] Error 2

File /home/fernandoms/Rbotica/MM2/Mu-ozMancha/Entrega_6/apriltagsComp/CMakeFiles/CMakeTmp/CheckSymbolExists.cxx:
/* */
#include <QtCore/qglobal.h>

int main(int argc, char** argv)
{
  (void)argv;
#ifndef Q_WS_MAC
  return ((int*)(&Q_WS_MAC))[argc];
#else
  (void)argc;
  return 0;
#endif
}

