Determining if the Q_WS_WIN exist failed with the following output:
Change Dir: /home/carlos/robocomp/E_6/supervisor/CMakeFiles/CMakeTmp

Run Build Command:"/usr/bin/make" "cmTC_1b786/fast"
/usr/bin/make -f CMakeFiles/cmTC_1b786.dir/build.make CMakeFiles/cmTC_1b786.dir/build
make[1]: se entra en el directorio '/home/carlos/robocomp/E_6/supervisor/CMakeFiles/CMakeTmp'
Building CXX object CMakeFiles/cmTC_1b786.dir/CheckSymbolExists.cxx.o
/usr/bin/c++   -I/usr/include/qt4   -o CMakeFiles/cmTC_1b786.dir/CheckSymbolExists.cxx.o -c /home/carlos/robocomp/E_6/supervisor/CMakeFiles/CMakeTmp/CheckSymbolExists.cxx
/home/carlos/robocomp/E_6/supervisor/CMakeFiles/CMakeTmp/CheckSymbolExists.cxx: In function ‘int main(int, char**)’:
/home/carlos/robocomp/E_6/supervisor/CMakeFiles/CMakeTmp/CheckSymbolExists.cxx:8:19: error: ‘Q_WS_WIN’ was not declared in this scope
   return ((int*)(&Q_WS_WIN))[argc];
                   ^~~~~~~~
/home/carlos/robocomp/E_6/supervisor/CMakeFiles/CMakeTmp/CheckSymbolExists.cxx:8:19: note: suggested alternative: ‘Q_WS_X11’
   return ((int*)(&Q_WS_WIN))[argc];
                   ^~~~~~~~
                   Q_WS_X11
CMakeFiles/cmTC_1b786.dir/build.make:65: recipe for target 'CMakeFiles/cmTC_1b786.dir/CheckSymbolExists.cxx.o' failed
make[1]: *** [CMakeFiles/cmTC_1b786.dir/CheckSymbolExists.cxx.o] Error 1
make[1]: se sale del directorio '/home/carlos/robocomp/E_6/supervisor/CMakeFiles/CMakeTmp'
Makefile:126: recipe for target 'cmTC_1b786/fast' failed
make: *** [cmTC_1b786/fast] Error 2

File /home/carlos/robocomp/E_6/supervisor/CMakeFiles/CMakeTmp/CheckSymbolExists.cxx:
/* */
#include <QtCore/qglobal.h>

int main(int argc, char** argv)
{
  (void)argv;
#ifndef Q_WS_WIN
  return ((int*)(&Q_WS_WIN))[argc];
#else
  (void)argc;
  return 0;
#endif
}

Determining if the Q_WS_QWS exist failed with the following output:
Change Dir: /home/carlos/robocomp/E_6/supervisor/CMakeFiles/CMakeTmp

Run Build Command:"/usr/bin/make" "cmTC_7eace/fast"
/usr/bin/make -f CMakeFiles/cmTC_7eace.dir/build.make CMakeFiles/cmTC_7eace.dir/build
make[1]: se entra en el directorio '/home/carlos/robocomp/E_6/supervisor/CMakeFiles/CMakeTmp'
Building CXX object CMakeFiles/cmTC_7eace.dir/CheckSymbolExists.cxx.o
/usr/bin/c++   -I/usr/include/qt4   -o CMakeFiles/cmTC_7eace.dir/CheckSymbolExists.cxx.o -c /home/carlos/robocomp/E_6/supervisor/CMakeFiles/CMakeTmp/CheckSymbolExists.cxx
/home/carlos/robocomp/E_6/supervisor/CMakeFiles/CMakeTmp/CheckSymbolExists.cxx: In function ‘int main(int, char**)’:
/home/carlos/robocomp/E_6/supervisor/CMakeFiles/CMakeTmp/CheckSymbolExists.cxx:8:19: error: ‘Q_WS_QWS’ was not declared in this scope
   return ((int*)(&Q_WS_QWS))[argc];
                   ^~~~~~~~
/home/carlos/robocomp/E_6/supervisor/CMakeFiles/CMakeTmp/CheckSymbolExists.cxx:8:19: note: suggested alternative: ‘Q_WS_X11’
   return ((int*)(&Q_WS_QWS))[argc];
                   ^~~~~~~~
                   Q_WS_X11
CMakeFiles/cmTC_7eace.dir/build.make:65: recipe for target 'CMakeFiles/cmTC_7eace.dir/CheckSymbolExists.cxx.o' failed
make[1]: *** [CMakeFiles/cmTC_7eace.dir/CheckSymbolExists.cxx.o] Error 1
make[1]: se sale del directorio '/home/carlos/robocomp/E_6/supervisor/CMakeFiles/CMakeTmp'
Makefile:126: recipe for target 'cmTC_7eace/fast' failed
make: *** [cmTC_7eace/fast] Error 2

File /home/carlos/robocomp/E_6/supervisor/CMakeFiles/CMakeTmp/CheckSymbolExists.cxx:
/* */
#include <QtCore/qglobal.h>

int main(int argc, char** argv)
{
  (void)argv;
#ifndef Q_WS_QWS
  return ((int*)(&Q_WS_QWS))[argc];
#else
  (void)argc;
  return 0;
#endif
}

Determining if the Q_WS_MAC exist failed with the following output:
Change Dir: /home/carlos/robocomp/E_6/supervisor/CMakeFiles/CMakeTmp

Run Build Command:"/usr/bin/make" "cmTC_7b0f5/fast"
/usr/bin/make -f CMakeFiles/cmTC_7b0f5.dir/build.make CMakeFiles/cmTC_7b0f5.dir/build
make[1]: se entra en el directorio '/home/carlos/robocomp/E_6/supervisor/CMakeFiles/CMakeTmp'
Building CXX object CMakeFiles/cmTC_7b0f5.dir/CheckSymbolExists.cxx.o
/usr/bin/c++   -I/usr/include/qt4   -o CMakeFiles/cmTC_7b0f5.dir/CheckSymbolExists.cxx.o -c /home/carlos/robocomp/E_6/supervisor/CMakeFiles/CMakeTmp/CheckSymbolExists.cxx
/home/carlos/robocomp/E_6/supervisor/CMakeFiles/CMakeTmp/CheckSymbolExists.cxx: In function ‘int main(int, char**)’:
/home/carlos/robocomp/E_6/supervisor/CMakeFiles/CMakeTmp/CheckSymbolExists.cxx:8:19: error: ‘Q_WS_MAC’ was not declared in this scope
   return ((int*)(&Q_WS_MAC))[argc];
                   ^~~~~~~~
/home/carlos/robocomp/E_6/supervisor/CMakeFiles/CMakeTmp/CheckSymbolExists.cxx:8:19: note: suggested alternative: ‘Q_WS_X11’
   return ((int*)(&Q_WS_MAC))[argc];
                   ^~~~~~~~
                   Q_WS_X11
CMakeFiles/cmTC_7b0f5.dir/build.make:65: recipe for target 'CMakeFiles/cmTC_7b0f5.dir/CheckSymbolExists.cxx.o' failed
make[1]: *** [CMakeFiles/cmTC_7b0f5.dir/CheckSymbolExists.cxx.o] Error 1
make[1]: se sale del directorio '/home/carlos/robocomp/E_6/supervisor/CMakeFiles/CMakeTmp'
Makefile:126: recipe for target 'cmTC_7b0f5/fast' failed
make: *** [cmTC_7b0f5/fast] Error 2

File /home/carlos/robocomp/E_6/supervisor/CMakeFiles/CMakeTmp/CheckSymbolExists.cxx:
/* */
#include <QtCore/qglobal.h>

int main(int argc, char** argv)
{
  (void)argv;
#ifndef Q_WS_MAC
  return ((int*)(&Q_WS_MAC))[argc];
#else
  (void)argc;
  return 0;
#endif
}

Determining if the pthread_create exist failed with the following output:
Change Dir: /home/carlos/robocomp/E_6/supervisor/CMakeFiles/CMakeTmp

Run Build Command:"/usr/bin/make" "cmTC_03441/fast"
/usr/bin/make -f CMakeFiles/cmTC_03441.dir/build.make CMakeFiles/cmTC_03441.dir/build
make[1]: se entra en el directorio '/home/carlos/robocomp/E_6/supervisor/CMakeFiles/CMakeTmp'
Building C object CMakeFiles/cmTC_03441.dir/CheckSymbolExists.c.o
/usr/bin/cc    -o CMakeFiles/cmTC_03441.dir/CheckSymbolExists.c.o   -c /home/carlos/robocomp/E_6/supervisor/CMakeFiles/CMakeTmp/CheckSymbolExists.c
Linking C executable cmTC_03441
/usr/bin/cmake -E cmake_link_script CMakeFiles/cmTC_03441.dir/link.txt --verbose=1
/usr/bin/cc      -rdynamic CMakeFiles/cmTC_03441.dir/CheckSymbolExists.c.o  -o cmTC_03441 
CMakeFiles/cmTC_03441.dir/CheckSymbolExists.c.o: En la función `main':
CheckSymbolExists.c:(.text+0x1b): referencia a `pthread_create' sin definir
collect2: error: ld returned 1 exit status
CMakeFiles/cmTC_03441.dir/build.make:97: recipe for target 'cmTC_03441' failed
make[1]: *** [cmTC_03441] Error 1
make[1]: se sale del directorio '/home/carlos/robocomp/E_6/supervisor/CMakeFiles/CMakeTmp'
Makefile:126: recipe for target 'cmTC_03441/fast' failed
make: *** [cmTC_03441/fast] Error 2

File /home/carlos/robocomp/E_6/supervisor/CMakeFiles/CMakeTmp/CheckSymbolExists.c:
/* */
#include <pthread.h>

int main(int argc, char** argv)
{
  (void)argv;
#ifndef pthread_create
  return ((int*)(&pthread_create))[argc];
#else
  (void)argc;
  return 0;
#endif
}

Determining if the function pthread_create exists in the pthreads failed with the following output:
Change Dir: /home/carlos/robocomp/E_6/supervisor/CMakeFiles/CMakeTmp

Run Build Command:"/usr/bin/make" "cmTC_7a614/fast"
/usr/bin/make -f CMakeFiles/cmTC_7a614.dir/build.make CMakeFiles/cmTC_7a614.dir/build
make[1]: se entra en el directorio '/home/carlos/robocomp/E_6/supervisor/CMakeFiles/CMakeTmp'
Building C object CMakeFiles/cmTC_7a614.dir/CheckFunctionExists.c.o
/usr/bin/cc   -DCHECK_FUNCTION_EXISTS=pthread_create   -o CMakeFiles/cmTC_7a614.dir/CheckFunctionExists.c.o   -c /usr/share/cmake-3.10/Modules/CheckFunctionExists.c
Linking C executable cmTC_7a614
/usr/bin/cmake -E cmake_link_script CMakeFiles/cmTC_7a614.dir/link.txt --verbose=1
/usr/bin/cc  -DCHECK_FUNCTION_EXISTS=pthread_create    -rdynamic CMakeFiles/cmTC_7a614.dir/CheckFunctionExists.c.o  -o cmTC_7a614 -lpthreads 
/usr/bin/ld: no se puede encontrar -lpthreads
collect2: error: ld returned 1 exit status
CMakeFiles/cmTC_7a614.dir/build.make:97: recipe for target 'cmTC_7a614' failed
make[1]: *** [cmTC_7a614] Error 1
make[1]: se sale del directorio '/home/carlos/robocomp/E_6/supervisor/CMakeFiles/CMakeTmp'
Makefile:126: recipe for target 'cmTC_7a614/fast' failed
make: *** [cmTC_7a614/fast] Error 2


